[2020-12-03 19:54:03] production.ERROR: Symfony\Component\Console\Exception\CommandNotFoundException: Command "route" is not defined.

Did you mean one of these?
    route:cache
    route:clear
    route:list in C:\xampp\htdocs\ussd\vendor\symfony\console\Application.php:515
Stack trace:
#0 C:\xampp\htdocs\ussd\vendor\symfony\console\Application.php(183): Symfony\Component\Console\Application->find('route')
#1 C:\xampp\htdocs\ussd\vendor\symfony\console\Application.php(117): Symfony\Component\Console\Application->doRun(Object(Symfony\Component\Console\Input\ArgvInput), Object(Symfony\Component\Console\Output\ConsoleOutput))
#2 C:\xampp\htdocs\ussd\vendor\laravel\framework\src\Illuminate\Foundation\Console\Kernel.php(107): Symfony\Component\Console\Application->run(Object(Symfony\Component\Console\Input\ArgvInput), Object(Symfony\Component\Console\Output\ConsoleOutput))
#3 C:\xampp\htdocs\ussd\artisan(35): Illuminate\Foundation\Console\Kernel->handle(Object(Symfony\Component\Console\Input\ArgvInput), Object(Symfony\Component\Console\Output\ConsoleOutput))
#4 {main}  
[2020-12-03 19:54:11] production.ERROR: LogicException: Unable to prepare route [/] for serialization. Uses Closure. in C:\xampp\htdocs\ussd\vendor\laravel\framework\src\Illuminate\Routing\Route.php:926
Stack trace:
#0 C:\xampp\htdocs\ussd\vendor\laravel\framework\src\Illuminate\Foundation\Console\RouteCacheCommand.php(61): Illuminate\Routing\Route->prepareForSerialization()
#1 [internal function]: Illuminate\Foundation\Console\RouteCacheCommand->fire()
#2 C:\xampp\htdocs\ussd\vendor\laravel\framework\src\Illuminate\Container\Container.php(507): call_user_func_array(Array, Array)
#3 C:\xampp\htdocs\ussd\vendor\laravel\framework\src\Illuminate\Console\Command.php(169): Illuminate\Container\Container->call(Array)
#4 C:\xampp\htdocs\ussd\vendor\symfony\console\Command\Command.php(256): Illuminate\Console\Command->execute(Object(Symfony\Component\Console\Input\ArgvInput), Object(Symfony\Component\Console\Output\ConsoleOutput))
#5 C:\xampp\htdocs\ussd\vendor\laravel\framework\src\Illuminate\Console\Command.php(155): Symfony\Component\Console\Command\Command->run(Object(Symfony\Component\Console\Input\ArgvInput), Object(Symfony\Component\Console\Output\ConsoleOutput))
#6 C:\xampp\htdocs\ussd\vendor\symfony\console\Application.php(794): Illuminate\Console\Command->run(Object(Symfony\Component\Console\Input\ArgvInput), Object(Symfony\Component\Console\Output\ConsoleOutput))
#7 C:\xampp\htdocs\ussd\vendor\symfony\console\Application.php(186): Symfony\Component\Console\Application->doRunCommand(Object(Illuminate\Foundation\Console\RouteCacheCommand), Object(Symfony\Component\Console\Input\ArgvInput), Object(Symfony\Component\Console\Output\ConsoleOutput))
#8 C:\xampp\htdocs\ussd\vendor\symfony\console\Application.php(117): Symfony\Component\Console\Application->doRun(Object(Symfony\Component\Console\Input\ArgvInput), Object(Symfony\Component\Console\Output\ConsoleOutput))
#9 C:\xampp\htdocs\ussd\vendor\laravel\framework\src\Illuminate\Foundation\Console\Kernel.php(107): Symfony\Component\Console\Application->run(Object(Symfony\Component\Console\Input\ArgvInput), Object(Symfony\Component\Console\Output\ConsoleOutput))
#10 C:\xampp\htdocs\ussd\artisan(35): Illuminate\Foundation\Console\Kernel->handle(Object(Symfony\Component\Console\Input\ArgvInput), Object(Symfony\Component\Console\Output\ConsoleOutput))
#11 {main}  
